[Error]: There was an error linking shader "System/Shaders/WorldGeometry": ERROR: One or more attached shaders not successfully compiled

[Error]: There was an error linking shader "System/Shaders/Composition": ERROR: One or more attached shaders not successfully compiled

[Error]: There was an error linking shader "System/Shaders/PointLight": ERROR: One or more attached shaders not successfully compiled

[Error]: There was an error linking shader "System/Shaders/BlockOutline": ERROR: One or more attached shaders not successfully compiled

[Info]: Plugin dll "Vanilla" added
[Debug]: Loading Translations (0%)
[Debug]: Loading Translations (1%)
[Debug]: Loading Translations (2%)
[Debug]: Loading Translations (3%)
[Debug]: Loading Translations (4%)
[Debug]: Loading Translations (5%)
[Debug]: Loading Translations (6%)
[Debug]: Loading Translations (7%)
[Debug]: Loading Translations (8%)
[Debug]: Loading Translations (9%)
[Debug]: Loading Translations (10%)
[Debug]: Loading Translations (11%)
[Debug]: Loading Translations (12%)
[Debug]: Loading Translations (13%)
[Debug]: Loading Translations (14%)
[Debug]: Loading Translations (15%)
[Debug]: Loading Translations (16%)
[Debug]: Loading Translations (17%)
[Debug]: Loading Translations (18%)
[Debug]: Loading Translations (19%)
[Debug]: Loading Translations (20%)
[Debug]: Loading Translations (21%)
[Debug]: Loading Translations (22%)
[Debug]: Loading Translations (23%)
[Debug]: Clearing cache  (25%)
[Debug]: Loading resources of Vanilla (25%)
[Debug]: Uploading textures (50%)
[Debug]: Pre loading Vanilla (50%)
[Debug]: Loading Vanilla (66%)
[Debug]: Post loading Vanilla (83%)
